<?xml version="1.0" encoding="UTF-8"?>
<!-- Generated by org.testng.reporters.JUnitReportReporter -->
<testsuite skipped="0" hostname="SuchenComputer" name="suiteA.TestA3" tests="1" failures="0" timestamp="2020-12-29T20:23:19 EST" time="2.012" errors="0">
  <testcase name="f" time="2.012" classname="suiteA.TestA3"/>
  <system-out/>
</testsuite> <!-- suiteA.TestA3 -->
