<?xml version="1.0" encoding="UTF-8"?>
<!-- Generated by org.testng.reporters.JUnitReportReporter -->
<testsuite skipped="0" hostname="SuchenComputer" name="com.project.MavenBuild.TNG_002" tests="1" failures="0" timestamp="2020-12-25T21:06:38 EST" time="7.671" errors="0">
  <testcase name="amazon" time="7.671" classname="com.project.MavenBuild.TNG_002"/>
  <system-out/>
</testsuite> <!-- com.project.MavenBuild.TNG_002 -->
