<?xml version="1.0" encoding="UTF-8"?>
<!-- Generated by org.testng.reporters.JUnitReportReporter -->
<testsuite skipped="0" hostname="SuchenComputer" name="com.project.MavenBuild.NewTest" tests="1" failures="0" timestamp="2020-12-25T21:06:38 EST" time="0.003" errors="0">
  <testcase name="f" time="0.003" classname="com.project.MavenBuild.NewTest"/>
  <system-out/>
</testsuite> <!-- com.project.MavenBuild.NewTest -->
