<?xml version="1.0" encoding="UTF-8"?>
<!-- Generated by org.testng.reporters.JUnitReportReporter -->
<testsuite skipped="0" hostname="SuchenComputer" name="switches.AlertHandling" tests="1" failures="0" timestamp="2021-01-28T17:16:57 EST" time="8.146" errors="0">
  <testcase name="f" time="8.146" classname="switches.AlertHandling"/>
  <system-out/>
</testsuite> <!-- switches.AlertHandling -->
