<?xml version="1.0" encoding="UTF-8"?>
<!-- Generated by org.testng.reporters.JUnitReportReporter -->
<testsuite skipped="0" hostname="SuchenComputer" name="com.project.MavenBuild.CheckBox1" tests="1" failures="0" timestamp="2020-12-29T17:48:03 EST" time="18.572" errors="0">
  <testcase name="checkboxTest" time="18.572" classname="com.project.MavenBuild.CheckBox1"/>
  <system-out/>
</testsuite> <!-- com.project.MavenBuild.CheckBox1 -->
