<?xml version="1.0" encoding="UTF-8"?>
<!-- Generated by org.testng.reporters.JUnitReportReporter -->
<testsuite skipped="1" hostname="SuchenComputer" name="com.project.MavenBuild.TNG_001" tests="3" failures="0" timestamp="2020-12-25T21:06:38 EST" time="0.001" errors="0">
  <testcase name="f" time="0.001" classname="com.project.MavenBuild.TNG_001"/>
  <system-out/>
  <testcase name="z" time="0.000" classname="com.project.MavenBuild.TNG_001"/>
  <system-out/>
  <testcase name="a" classname="com.project.MavenBuild.TNG_001">
    <skipped/>
  </testcase> <!-- a -->
  <system-out/>
</testsuite> <!-- com.project.MavenBuild.TNG_001 -->
