<?xml version="1.0" encoding="UTF-8"?>
<!-- Generated by org.testng.reporters.JUnitReportReporter -->
<testsuite skipped="0" hostname="SuchenComputer" name="suiteB.TestB3" tests="1" failures="0" timestamp="2021-01-19T17:27:58 EST" time="2.002" errors="0">
  <testcase name="f" time="2.002" classname="suiteB.TestB3"/>
  <system-out/>
</testsuite> <!-- suiteB.TestB3 -->
