<?xml version="1.0" encoding="UTF-8"?>
<!-- Generated by org.testng.reporters.JUnitReportReporter -->
<testsuite skipped="1" hostname="SuchenComputer" name="pageobjectmodel.POM_001" tests="2" failures="0" timestamp="2021-01-20T19:49:42 EST" time="10.367" errors="0">
  <testcase name="registration" time="10.367" classname="pageobjectmodel.POM_001"/>
  <system-out/>
  <testcase name="login" classname="pageobjectmodel.POM_001">
    <skipped/>
  </testcase> <!-- login -->
  <system-out/>
</testsuite> <!-- pageobjectmodel.POM_001 -->
