<?xml version="1.0" encoding="UTF-8"?>
<!-- Generated by org.testng.reporters.JUnitReportReporter -->
<testsuite skipped="0" hostname="SuchenComputer" name="dataDriven.DataReadingByHashTable" tests="2" failures="0" timestamp="2021-01-12T07:09:01 EST" time="0.004" errors="0">
  <testcase name="f" time="0.000" classname="dataDriven.DataReadingByHashTable"/>
  <system-out/>
  <testcase name="f" time="0.004" classname="dataDriven.DataReadingByHashTable"/>
  <system-out/>
</testsuite> <!-- dataDriven.DataReadingByHashTable -->
