<?xml version="1.0" encoding="UTF-8"?>
<!-- Generated by org.testng.reporters.JUnitReportReporter -->
<testsuite skipped="0" hostname="SuchenComputer" name="switches.FileUpload" tests="1" failures="0" timestamp="2021-01-30T21:56:12 EST" time="9.527" errors="0">
  <testcase name="fileupload" time="9.527" classname="switches.FileUpload"/>
  <system-out/>
</testsuite> <!-- switches.FileUpload -->
