<?xml version="1.0" encoding="UTF-8"?>
<!-- Generated by org.testng.reporters.JUnitReportReporter -->
<testsuite skipped="0" hostname="SuchenComputer" name="com.project.MavenBuild1.NewTest2" tests="1" failures="0" timestamp="2020-12-25T21:06:38 EST" time="0.000" errors="0">
  <testcase name="f" time="0.000" classname="com.project.MavenBuild1.NewTest2"/>
  <system-out/>
</testsuite> <!-- com.project.MavenBuild1.NewTest2 -->
