<?xml version="1.0" encoding="UTF-8"?>
<!-- Generated by org.testng.reporters.JUnitReportReporter -->
<testsuite skipped="0" hostname="SuchenComputer" name="dataDriven.DataProviderTestDemo" tests="2" failures="0" timestamp="2021-01-12T05:29:35 EST" time="0.009" errors="0">
  <testcase name="f" time="0.001" classname="dataDriven.DataProviderTestDemo"/>
  <system-out/>
  <testcase name="f" time="0.008" classname="dataDriven.DataProviderTestDemo"/>
  <system-out/>
</testsuite> <!-- dataDriven.DataProviderTestDemo -->
