<?xml version="1.0" encoding="UTF-8"?>
<!-- Generated by org.testng.reporters.JUnitReportReporter -->
<testsuite skipped="0" hostname="SuchenComputer" name="suiteB.TestB1" tests="1" failures="0" timestamp="2021-01-19T17:27:58 EST" time="2.012" errors="0">
  <testcase name="f" time="2.012" classname="suiteB.TestB1"/>
  <system-out/>
</testsuite> <!-- suiteB.TestB1 -->
