<?xml version="1.0" encoding="UTF-8"?>
<!-- Generated by org.testng.reporters.JUnitReportReporter -->
<testsuite skipped="0" hostname="SuchenComputer" name="com.project.MavenBuild.NewTest" tests="1" failures="0" timestamp="2021-01-19T17:27:28 EST" time="0.004" errors="0">
  <testcase name="f" time="0.004" classname="com.project.MavenBuild.NewTest"/>
  <system-out/>
</testsuite> <!-- com.project.MavenBuild.NewTest -->
