<?xml version="1.0" encoding="UTF-8"?>
<!-- Generated by org.testng.reporters.JUnitReportReporter -->
<testsuite skipped="2" hostname="SuchenComputer" name="com.project.MavenBuild.TestDependencies" tests="4" failures="0" timestamp="2020-12-27T21:33:04 EST" time="0.007" errors="0">
  <testcase name="orange" time="0.005" classname="com.project.MavenBuild.TestDependencies"/>
  <system-out/>
  <testcase name="white" time="0.001" classname="com.project.MavenBuild.TestDependencies"/>
  <system-out/>
  <testcase name="blue" time="0.001" classname="com.project.MavenBuild.TestDependencies">
    <skipped/>
  </testcase> <!-- blue -->
  <system-out/>
  <testcase name="green" time="0.000" classname="com.project.MavenBuild.TestDependencies">
    <skipped/>
  </testcase> <!-- green -->
  <system-out/>
</testsuite> <!-- com.project.MavenBuild.TestDependencies -->
