<?xml version="1.0" encoding="UTF-8"?>
<!-- Generated by org.testng.reporters.JUnitReportReporter -->
<testsuite skipped="0" hostname="SuchenComputer" name="suiteB.TestB2" tests="1" failures="0" timestamp="2020-12-29T20:23:19 EST" time="2.007" errors="0">
  <testcase name="f" time="2.007" classname="suiteB.TestB2"/>
  <system-out/>
</testsuite> <!-- suiteB.TestB2 -->
