<?xml version="1.0" encoding="UTF-8"?>
<!-- Generated by org.testng.reporters.JUnitReportReporter -->
<testsuite skipped="5" hostname="SuchenComputer" name="actions.MouseOperations" tests="6" failures="0" timestamp="2021-01-31T06:30:27 EST" time="7.078" errors="0">
  <testcase name="autoSuggestion" time="7.078" classname="actions.MouseOperations"/>
  <system-out/>
  <testcase name="dragAnddrop" classname="actions.MouseOperations">
    <skipped/>
  </testcase> <!-- dragAnddrop -->
  <system-out/>
  <testcase name="MoveToelement" classname="actions.MouseOperations">
    <skipped/>
  </testcase> <!-- MoveToelement -->
  <system-out/>
  <testcase name="resizeMethod" classname="actions.MouseOperations">
    <skipped/>
  </testcase> <!-- resizeMethod -->
  <system-out/>
  <testcase name="slider" classname="actions.MouseOperations">
    <skipped/>
  </testcase> <!-- slider -->
  <system-out/>
  <testcase name="Browserslider" classname="actions.MouseOperations">
    <skipped/>
  </testcase> <!-- Browserslider -->
  <system-out/>
</testsuite> <!-- actions.MouseOperations -->
